PHONE_REDACTEDT19:PORT:PORT.074800Z 0 [System] [MY-013172] [Server] Received SHUTDOWN from user <via user signal>. Shutting down mysqld (Version: 8.4.0).
PHONE_REDACTEDT19:PORT:PORT.451385Z 0 [System] [MY-010910] [Server] /db1/myserver/mysql/mysql_files/mysql/bin/mysqld: Shutdown complete (mysqld 8.4.0)  MySQL Community Server - GPL.
PHONE_REDACTEDT19:PORT:PORT.451515Z 0 [System] [MY-015016] [Server] MySQL Server - end.
PHONE_REDACTEDT04:PORT:PORT.411644Z 0 [System] [MY-015015] [Server] MySQL Server - start.
PHONE_REDACTEDT04:PORT:PORT.669268Z 0 [Warning] [MY-011070] [Server] 'Disabling symbolic links using --skip-symbolic-links (or equivalent) is the default. Consider not using this option as it' is deprecated and will be removed in a future release.
PHONE_REDACTEDT04:PORT:PORT.678599Z 0 [System] [MY-010116] [Server] /db1/myserver/mysql/mysql_files/mysql/bin/mysqld (mysqld 8.4.0) starting as process 867
PHONE_REDACTEDT04:PORT:PORT.148668Z 1 [System] [MY-013576] [InnoDB] InnoDB initialization has started.
PHONE_REDACTEDT04:PORT:PORT.385730Z 1 [System] [MY-013577] [InnoDB] InnoDB initialization has ended.
PHONE_REDACTEDT04:PORT:PORT.611614Z 0 [Warning] [MY-010068] [Server] CA certificate ca.pem is self signed.
PHONE_REDACTEDT04:PORT:PORT.611765Z 0 [System] [MY-013602] [Server] Channel mysql_main configured to support TLS. Encrypted connections are now supported for this channel.
PHONE_REDACTEDT04:PORT:PORT.870648Z 0 [System] [MY-010931] [Server] /db1/myserver/mysql/mysql_files/mysql/bin/mysqld: ready for connections. Version: '8.4.0'  socket: '/db1/myserver/mysql/run/mysql.sock'  port: 3310  MySQL Community Server - GPL.
PHONE_REDACTEDT04:PORT:PORT.180897Z 8 [Warning] [MY-011302] [Server] Plugin mysqlx reported: 'Failed at SSL configuration: "SSL context is not usable without certificate and private key"'
PHONE_REDACTEDT04:PORT:PORT.181521Z 0 [System] [MY-011323] [Server] X Plugin ready for connections. Bind-address: '::' port: 33060, socket: /tmp/mysqlx.sock
PHONE_REDACTEDT04:PORT:PORT.024452Z 9 [Warning] [MY-010058] [Server] Hostname 'Harsh' does not resolve to 'xxx.xxx.xxx.xxx'.
PHONE_REDACTEDT10:PORT:PORT.030221Z 0 [System] [MY-013172] [Server] Received SHUTDOWN from user <via user signal>. Shutting down mysqld (Version: 8.4.0).
PHONE_REDACTEDT10:PORT:PORT.179739Z 0 [System] [MY-010910] [Server] /db1/myserver/mysql/mysql_files/mysql/bin/mysqld: Shutdown complete (mysqld 8.4.0)  MySQL Community Server - GPL.
PHONE_REDACTEDT10:PORT:PORT.179806Z 0 [System] [MY-015016] [Server] MySQL Server - end.
PHONE_REDACTEDT10:PORT:PORT.262367Z 0 [System] [MY-015015] [Server] MySQL Server - start.
PHONE_REDACTEDT10:PORT:PORT.404033Z 0 [Warning] [MY-011070] [Server] 'Disabling symbolic links using --skip-symbolic-links (or equivalent) is the default. Consider not using this option as it' is deprecated and will be removed in a future release.
PHONE_REDACTEDT10:PORT:PORT.405190Z 0 [System] [MY-010116] [Server] /db1/myserver/mysql/mysql_files/mysql/bin/mysqld (mysqld 8.4.0) starting as process 1905
PHONE_REDACTEDT10:PORT:PORT.480773Z 1 [System] [MY-013576] [InnoDB] InnoDB initialization has started.
PHONE_REDACTEDT10:PORT:PORT.930787Z 1 [System] [MY-013577] [InnoDB] InnoDB initialization has ended.
PHONE_REDACTEDT10:PORT:PORT.483271Z 0 [Warning] [MY-010068] [Server] CA certificate ca.pem is self signed.
PHONE_REDACTEDT10:PORT:PORT.483389Z 0 [System] [MY-013602] [Server] Channel mysql_main configured to support TLS. Encrypted connections are now supported for this channel.
PHONE_REDACTEDT10:PORT:PORT.547330Z 0 [System] [MY-010931] [Server] /db1/myserver/mysql/mysql_files/mysql/bin/mysqld: ready for connections. Version: '8.4.0'  socket: '/db1/myserver/mysql/run/mysql.sock'  port: 3310  MySQL Community Server - GPL.
PHONE_REDACTEDT10:PORT:PORT.819331Z 8 [Warning] [MY-011302] [Server] Plugin mysqlx reported: 'Failed at SSL configuration: "SSL context is not usable without certificate and private key"'
PHONE_REDACTEDT10:PORT:PORT.819980Z 0 [System] [MY-011323] [Server] X Plugin ready for connections. Bind-address: '::' port: 33060, socket: /tmp/mysqlx.sock
PHONE_REDACTEDT16:PORT:PORT.573697Z 10 [Warning] [MY-010058] [Server] Hostname 'harsh-server' does not resolve to 'xxx.xxx.xxx.xxx'.
PHONE_REDACTEDT16:PORT:PORT.682278Z 13 [Warning] [MY-013360] [Server] Plugin sha256_password reported: ''sha256_password' is deprecated and will be removed in a future release. Please use caching_sha2_password instead'
PHONE_REDACTEDT18:PORT:PORT.745117Z 28 [Warning] [MY-013360] [Server] Plugin sha256_password reported: ''sha256_password' is deprecated and will be removed in a future release. Please use caching_sha2_password instead'
PHONE_REDACTEDT18:PORT:PORT.787376Z 30 [Warning] [MY-013360] [Server] Plugin sha256_password reported: ''sha256_password' is deprecated and will be removed in a future release. Please use caching_sha2_password instead'
PHONE_REDACTEDT18:PORT:PORT.472907Z 31 [Warning] [MY-013360] [Server] Plugin sha256_password reported: ''sha256_password' is deprecated and will be removed in a future release. Please use caching_sha2_password instead'
