PHONE_REDACTEDT22:PORT:PORT.570562Z 0 [System] [MY-013172] [Server] Received SHUTDOWN from user <via user signal>. Shutting down mysqld (Version: 8.4.0).
PHONE_REDACTEDT22:PORT:PORT.964438Z 0 [System] [MY-010910] [Server] /db1/myserver/mysql/mysql_files/mysql/bin/mysqld: Shutdown complete (mysqld 8.4.0)  MySQL Community Server - GPL.
PHONE_REDACTEDT22:PORT:PORT.964497Z 0 [System] [MY-015016] [Server] MySQL Server - end.
PHONE_REDACTEDT03:PORT:PORT.162945Z 0 [System] [MY-015015] [Server] MySQL Server - start.
PHONE_REDACTEDT03:PORT:PORT.631167Z 0 [Warning] [MY-011070] [Server] 'Disabling symbolic links using --skip-symbolic-links (or equivalent) is the default. Consider not using this option as it' is deprecated and will be removed in a future release.
PHONE_REDACTEDT03:PORT:PORT.640715Z 0 [System] [MY-010116] [Server] /db1/myserver/mysql/mysql_files/mysql/bin/mysqld (mysqld 8.4.0) starting as process 927
PHONE_REDACTEDT03:PORT:PORT.099401Z 1 [System] [MY-013576] [InnoDB] InnoDB initialization has started.
PHONE_REDACTEDT03:PORT:PORT.192569Z 1 [System] [MY-013577] [InnoDB] InnoDB initialization has ended.
PHONE_REDACTEDT03:PORT:PORT.298547Z 0 [Warning] [MY-010068] [Server] CA certificate ca.pem is self signed.
PHONE_REDACTEDT03:PORT:PORT.298718Z 0 [System] [MY-013602] [Server] Channel mysql_main configured to support TLS. Encrypted connections are now supported for this channel.
PHONE_REDACTEDT03:PORT:PORT.566110Z 0 [System] [MY-010931] [Server] /db1/myserver/mysql/mysql_files/mysql/bin/mysqld: ready for connections. Version: '8.4.0'  socket: '/db1/myserver/mysql/run/mysql.sock'  port: 3310  MySQL Community Server - GPL.
PHONE_REDACTEDT03:PORT:PORT.895170Z 0 [System] [MY-011323] [Server] X Plugin ready for connections. Bind-address: '::' port: 33060, socket: /tmp/mysqlx.sock
PHONE_REDACTEDT03:PORT:PORT.428374Z 9 [Warning] [MY-010058] [Server] Hostname 'Harsh' does not resolve to 'xxx.xxx.xxx.xxx'.
PHONE_REDACTEDT16:PORT:PORT.448526Z 0 [System] [MY-013172] [Server] Received SHUTDOWN from user <via user signal>. Shutting down mysqld (Version: 8.4.0).
PHONE_REDACTEDT16:PORT:PORT.511872Z 0 [Warning] [MY-010909] [Server] /db1/myserver/mysql/mysql_files/mysql/bin/mysqld: Forcing close of thread 136  user: 'lead_lab_app_user'.
PHONE_REDACTEDT16:PORT:PORT.512241Z 0 [Warning] [MY-010909] [Server] /db1/myserver/mysql/mysql_files/mysql/bin/mysqld: Forcing close of thread 137  user: 'lead_lab_app_user'.
PHONE_REDACTEDT16:PORT:PORT.512422Z 0 [Warning] [MY-010909] [Server] /db1/myserver/mysql/mysql_files/mysql/bin/mysqld: Forcing close of thread 138  user: 'lead_lab_app_user'.
PHONE_REDACTEDT16:PORT:PORT.512605Z 0 [Warning] [MY-010909] [Server] /db1/myserver/mysql/mysql_files/mysql/bin/mysqld: Forcing close of thread 139  user: 'root'.
PHONE_REDACTEDT16:PORT:PORT.513059Z 0 [Warning] [MY-010909] [Server] /db1/myserver/mysql/mysql_files/mysql/bin/mysqld: Forcing close of thread 134  user: 'lead_lab_app_user'.
PHONE_REDACTEDT16:PORT:PORT.513295Z 0 [Warning] [MY-010909] [Server] /db1/myserver/mysql/mysql_files/mysql/bin/mysqld: Forcing close of thread 135  user: 'lead_lab_app_user'.
PHONE_REDACTEDT16:PORT:PORT.835918Z 0 [System] [MY-010910] [Server] /db1/myserver/mysql/mysql_files/mysql/bin/mysqld: Shutdown complete (mysqld 8.4.0)  MySQL Community Server - GPL.
PHONE_REDACTEDT16:PORT:PORT.836010Z 0 [System] [MY-015016] [Server] MySQL Server - end.
PHONE_REDACTEDT16:PORT:PORT.363110Z 0 [System] [MY-015015] [Server] MySQL Server - start.
PHONE_REDACTEDT16:PORT:PORT.676084Z 0 [Warning] [MY-011070] [Server] 'Disabling symbolic links using --skip-symbolic-links (or equivalent) is the default. Consider not using this option as it' is deprecated and will be removed in a future release.
PHONE_REDACTEDT16:PORT:PORT.676351Z 0 [System] [MY-010116] [Server] /db1/myserver/mysql/mysql_files/mysql/bin/mysqld (mysqld 8.4.0) starting as process 2240
PHONE_REDACTEDT16:PORT:PORT.721106Z 1 [System] [MY-013576] [InnoDB] InnoDB initialization has started.
PHONE_REDACTEDT16:PORT:PORT.929853Z 1 [System] [MY-013577] [InnoDB] InnoDB initialization has ended.
PHONE_REDACTEDT16:PORT:PORT.642011Z 0 [Warning] [MY-010068] [Server] CA certificate ca.pem is self signed.
PHONE_REDACTEDT16:PORT:PORT.642154Z 0 [System] [MY-013602] [Server] Channel mysql_main configured to support TLS. Encrypted connections are now supported for this channel.
PHONE_REDACTEDT16:PORT:PORT.961635Z 0 [System] [MY-010931] [Server] /db1/myserver/mysql/mysql_files/mysql/bin/mysqld: ready for connections. Version: '8.4.0'  socket: '/db1/myserver/mysql/run/mysql.sock'  port: 3310  MySQL Community Server - GPL.
PHONE_REDACTEDT16:PORT:PORT.269867Z 0 [System] [MY-011323] [Server] X Plugin ready for connections. Bind-address: '::' port: 33060, socket: /tmp/mysqlx.sock
PHONE_REDACTEDT16:PORT:PORT.042339Z 10 [Warning] [MY-010058] [Server] Hostname 'Harsh' does not resolve to 'xxx.xxx.xxx.xxx'.
PHONE_REDACTEDT16:PORT:PORT.352856Z 0 [System] [MY-013172] [Server] Received SHUTDOWN from user <via user signal>. Shutting down mysqld (Version: 8.4.0).
PHONE_REDACTEDT16:PORT:PORT.356410Z 0 [Warning] [MY-010909] [Server] /db1/myserver/mysql/mysql_files/mysql/bin/mysqld: Forcing close of thread 9  user: 'root'.
PHONE_REDACTEDT16:PORT:PORT.356734Z 0 [Warning] [MY-010909] [Server] /db1/myserver/mysql/mysql_files/mysql/bin/mysqld: Forcing close of thread 10  user: 'lead_lab_app_user'.
PHONE_REDACTEDT16:PORT:PORT.356996Z 0 [Warning] [MY-010909] [Server] /db1/myserver/mysql/mysql_files/mysql/bin/mysqld: Forcing close of thread 11  user: 'lead_lab_app_user'.
PHONE_REDACTEDT16:PORT:PORT.357193Z 0 [Warning] [MY-010909] [Server] /db1/myserver/mysql/mysql_files/mysql/bin/mysqld: Forcing close of thread 12  user: 'lead_lab_app_user'.
PHONE_REDACTEDT16:PORT:PORT.357634Z 0 [Warning] [MY-010909] [Server] /db1/myserver/mysql/mysql_files/mysql/bin/mysqld: Forcing close of thread 13  user: 'lead_lab_app_user'.
PHONE_REDACTEDT16:PORT:PORT.192499Z 0 [System] [MY-010910] [Server] /db1/myserver/mysql/mysql_files/mysql/bin/mysqld: Shutdown complete (mysqld 8.4.0)  MySQL Community Server - GPL.
PHONE_REDACTEDT16:PORT:PORT.192594Z 0 [System] [MY-015016] [Server] MySQL Server - end.
PHONE_REDACTEDT16:PORT:PORT.846784Z 0 [System] [MY-015015] [Server] MySQL Server - start.
PHONE_REDACTEDT16:PORT:PORT.964700Z 0 [Warning] [MY-011070] [Server] 'Disabling symbolic links using --skip-symbolic-links (or equivalent) is the default. Consider not using this option as it' is deprecated and will be removed in a future release.
PHONE_REDACTEDT16:PORT:PORT.964873Z 0 [System] [MY-010116] [Server] /db1/myserver/mysql/mysql_files/mysql/bin/mysqld (mysqld 8.4.0) starting as process 2376
PHONE_REDACTEDT16:PORT:PORT.992981Z 1 [System] [MY-013576] [InnoDB] InnoDB initialization has started.
PHONE_REDACTEDT16:PORT:PORT.022959Z 1 [System] [MY-013577] [InnoDB] InnoDB initialization has ended.
PHONE_REDACTEDT16:PORT:PORT.456132Z 0 [Warning] [MY-010068] [Server] CA certificate ca.pem is self signed.
PHONE_REDACTEDT16:PORT:PORT.456306Z 0 [System] [MY-013602] [Server] Channel mysql_main configured to support TLS. Encrypted connections are now supported for this channel.
PHONE_REDACTEDT16:PORT:PORT.699301Z 0 [System] [MY-010931] [Server] /db1/myserver/mysql/mysql_files/mysql/bin/mysqld: ready for connections. Version: '8.4.0'  socket: '/db1/myserver/mysql/run/mysql.sock'  port: 3310  MySQL Community Server - GPL.
PHONE_REDACTEDT16:PORT:PORT.985152Z 8 [Warning] [MY-011302] [Server] Plugin mysqlx reported: 'Failed at SSL configuration: "SSL context is not usable without certificate and private key"'
PHONE_REDACTEDT16:PORT:PORT.985848Z 0 [System] [MY-011323] [Server] X Plugin ready for connections. Bind-address: '::' port: 33060, socket: /tmp/mysqlx.sock
PHONE_REDACTEDT16:PORT:PORT.192328Z 9 [Warning] [MY-010058] [Server] Hostname 'Harsh' does not resolve to 'xxx.xxx.xxx.xxx'.
