PHONE_REDACTEDT19:PORT:PORT.894971Z 0 [System] [MY-013172] [Server] Received SHUTDOWN from user <via user signal>. Shutting down mysqld (Version: 8.4.0).
PHONE_REDACTEDT19:PORT:PORT.537204Z 0 [System] [MY-010910] [Server] /db1/myserver/mysql/mysql_files/mysql/bin/mysqld: Shutdown complete (mysqld 8.4.0)  MySQL Community Server - GPL.
PHONE_REDACTEDT19:PORT:PORT.537389Z 0 [System] [MY-015016] [Server] MySQL Server - end.
PHONE_REDACTEDT05:PORT:PORT.257098Z 0 [System] [MY-015015] [Server] MySQL Server - start.
PHONE_REDACTEDT05:PORT:PORT.492527Z 0 [Warning] [MY-011070] [Server] 'Disabling symbolic links using --skip-symbolic-links (or equivalent) is the default. Consider not using this option as it' is deprecated and will be removed in a future release.
PHONE_REDACTEDT05:PORT:PORT.502125Z 0 [System] [MY-010116] [Server] /db1/myserver/mysql/mysql_files/mysql/bin/mysqld (mysqld 8.4.0) starting as process 998
PHONE_REDACTEDT05:PORT:PORT.961001Z 1 [System] [MY-013576] [InnoDB] InnoDB initialization has started.
PHONE_REDACTEDT05:PORT:PORT.132998Z 1 [System] [MY-013577] [InnoDB] InnoDB initialization has ended.
PHONE_REDACTEDT05:PORT:PORT.290645Z 0 [Warning] [MY-010068] [Server] CA certificate ca.pem is self signed.
PHONE_REDACTEDT05:PORT:PORT.290789Z 0 [System] [MY-013602] [Server] Channel mysql_main configured to support TLS. Encrypted connections are now supported for this channel.
PHONE_REDACTEDT05:PORT:PORT.537400Z 0 [System] [MY-010931] [Server] /db1/myserver/mysql/mysql_files/mysql/bin/mysqld: ready for connections. Version: '8.4.0'  socket: '/db1/myserver/mysql/run/mysql.sock'  port: 3310  MySQL Community Server - GPL.
PHONE_REDACTEDT05:PORT:PORT.848759Z 8 [Warning] [MY-011302] [Server] Plugin mysqlx reported: 'Failed at SSL configuration: "SSL context is not usable without certificate and private key"'
PHONE_REDACTEDT05:PORT:PORT.849536Z 0 [System] [MY-011323] [Server] X Plugin ready for connections. Bind-address: '::' port: 33060, socket: /tmp/mysqlx.sock
PHONE_REDACTEDT05:PORT:PORT.025368Z 9 [Warning] [MY-010058] [Server] Hostname 'Harsh' does not resolve to 'xxx.xxx.xxx.xxx'.
PHONE_REDACTEDT13:PORT:PORT.211754Z 0 [System] [MY-013172] [Server] Received SHUTDOWN from user <via user signal>. Shutting down mysqld (Version: 8.4.0).
PHONE_REDACTEDT13:PORT:PORT.275671Z 0 [Warning] [MY-010909] [Server] /db1/myserver/mysql/mysql_files/mysql/bin/mysqld: Forcing close of thread 64  user: 'root'.
PHONE_REDACTEDT13:PORT:PORT.275935Z 0 [Warning] [MY-010909] [Server] /db1/myserver/mysql/mysql_files/mysql/bin/mysqld: Forcing close of thread 90  user: 'lead_lab_app_user'.
PHONE_REDACTEDT13:PORT:PORT.276180Z 0 [Warning] [MY-010909] [Server] /db1/myserver/mysql/mysql_files/mysql/bin/mysqld: Forcing close of thread 91  user: 'lead_lab_app_user'.
PHONE_REDACTEDT13:PORT:PORT.276368Z 0 [Warning] [MY-010909] [Server] /db1/myserver/mysql/mysql_files/mysql/bin/mysqld: Forcing close of thread 92  user: 'lead_lab_app_user'.
PHONE_REDACTEDT13:PORT:PORT.276510Z 0 [Warning] [MY-010909] [Server] /db1/myserver/mysql/mysql_files/mysql/bin/mysqld: Forcing close of thread 93  user: 'lead_lab_app_user'.
PHONE_REDACTEDT13:PORT:PORT.276651Z 0 [Warning] [MY-010909] [Server] /db1/myserver/mysql/mysql_files/mysql/bin/mysqld: Forcing close of thread 94  user: 'lead_lab_app_user'.
PHONE_REDACTEDT13:PORT:PORT.276790Z 0 [Warning] [MY-010909] [Server] /db1/myserver/mysql/mysql_files/mysql/bin/mysqld: Forcing close of thread 95  user: 'root'.
PHONE_REDACTEDT13:PORT:PORT.577114Z 0 [System] [MY-010910] [Server] /db1/myserver/mysql/mysql_files/mysql/bin/mysqld: Shutdown complete (mysqld 8.4.0)  MySQL Community Server - GPL.
PHONE_REDACTEDT13:PORT:PORT.577189Z 0 [System] [MY-015016] [Server] MySQL Server - end.
PHONE_REDACTEDT13:PORT:PORT.321961Z 0 [System] [MY-015015] [Server] MySQL Server - start.
PHONE_REDACTEDT13:PORT:PORT.439766Z 0 [Warning] [MY-011070] [Server] 'Disabling symbolic links using --skip-symbolic-links (or equivalent) is the default. Consider not using this option as it' is deprecated and will be removed in a future release.
PHONE_REDACTEDT13:PORT:PORT.439942Z 0 [System] [MY-010116] [Server] /db1/myserver/mysql/mysql_files/mysql/bin/mysqld (mysqld 8.4.0) starting as process 3208
PHONE_REDACTEDT13:PORT:PORT.467596Z 1 [System] [MY-013576] [InnoDB] InnoDB initialization has started.
PHONE_REDACTEDT13:PORT:PORT.523743Z 1 [System] [MY-013577] [InnoDB] InnoDB initialization has ended.
PHONE_REDACTEDT13:PORT:PORT.922349Z 0 [Warning] [MY-010068] [Server] CA certificate ca.pem is self signed.
PHONE_REDACTEDT13:PORT:PORT.922507Z 0 [System] [MY-013602] [Server] Channel mysql_main configured to support TLS. Encrypted connections are now supported for this channel.
PHONE_REDACTEDT13:PORT:PORT.133514Z 0 [System] [MY-010931] [Server] /db1/myserver/mysql/mysql_files/mysql/bin/mysqld: ready for connections. Version: '8.4.0'  socket: '/db1/myserver/mysql/run/mysql.sock'  port: 3310  MySQL Community Server - GPL.
PHONE_REDACTEDT13:PORT:PORT.419566Z 8 [Warning] [MY-011302] [Server] Plugin mysqlx reported: 'Failed at SSL configuration: "SSL context is not usable without certificate and private key"'
PHONE_REDACTEDT13:PORT:PORT.420288Z 0 [System] [MY-011323] [Server] X Plugin ready for connections. Bind-address: '::' port: 33060, socket: /tmp/mysqlx.sock
PHONE_REDACTEDT13:PORT:PORT.132856Z 10 [Warning] [MY-010058] [Server] Hostname 'Harsh' does not resolve to 'xxx.xxx.xxx.xxx'.
