PHONE_REDACTEDT20:PORT:PORT.201814Z 0 [System] [MY-013172] [Server] Received SHUTDOWN from user <via user signal>. Shutting down mysqld (Version: 8.4.0).
PHONE_REDACTEDT20:PORT:PORT.327491Z 0 [System] [MY-010910] [Server] /db1/myserver/mysql/mysql_files/mysql/bin/mysqld: Shutdown complete (mysqld 8.4.0)  MySQL Community Server - GPL.
PHONE_REDACTEDT20:PORT:PORT.327696Z 0 [System] [MY-015016] [Server] MySQL Server - end.
PHONE_REDACTEDT22:PORT:PORT.213599Z 0 [System] [MY-015015] [Server] MySQL Server - start.
PHONE_REDACTEDT22:PORT:PORT.448953Z 0 [Warning] [MY-011070] [Server] 'Disabling symbolic links using --skip-symbolic-links (or equivalent) is the default. Consider not using this option as it' is deprecated and will be removed in a future release.
PHONE_REDACTEDT22:PORT:PORT.458318Z 0 [System] [MY-010116] [Server] /db1/myserver/mysql/mysql_files/mysql/bin/mysqld (mysqld 8.4.0) starting as process 1148
PHONE_REDACTEDT22:PORT:PORT.917216Z 1 [System] [MY-013576] [InnoDB] InnoDB initialization has started.
PHONE_REDACTEDT22:PORT:PORT.252431Z 1 [System] [MY-013577] [InnoDB] InnoDB initialization has ended.
PHONE_REDACTEDT22:PORT:PORT.300438Z 0 [Warning] [MY-010068] [Server] CA certificate ca.pem is self signed.
PHONE_REDACTEDT22:PORT:PORT.300602Z 0 [System] [MY-013602] [Server] Channel mysql_main configured to support TLS. Encrypted connections are now supported for this channel.
PHONE_REDACTEDT22:PORT:PORT.558453Z 0 [System] [MY-010931] [Server] /db1/myserver/mysql/mysql_files/mysql/bin/mysqld: ready for connections. Version: '8.4.0'  socket: '/db1/myserver/mysql/run/mysql.sock'  port: 3310  MySQL Community Server - GPL.
PHONE_REDACTEDT22:PORT:PORT.869838Z 8 [Warning] [MY-011302] [Server] Plugin mysqlx reported: 'Failed at SSL configuration: "SSL context is not usable without certificate and private key"'
PHONE_REDACTEDT22:PORT:PORT.870587Z 0 [System] [MY-011323] [Server] X Plugin ready for connections. Bind-address: '::' port: 33060, socket: /tmp/mysqlx.sock
PHONE_REDACTEDT10:PORT:PORT.561611Z 0 [System] [MY-013172] [Server] Received SHUTDOWN from user <via user signal>. Shutting down mysqld (Version: 8.4.0).
PHONE_REDACTEDT10:PORT:PORT.024473Z 0 [System] [MY-010910] [Server] /db1/myserver/mysql/mysql_files/mysql/bin/mysqld: Shutdown complete (mysqld 8.4.0)  MySQL Community Server - GPL.
PHONE_REDACTEDT10:PORT:PORT.024512Z 0 [System] [MY-015016] [Server] MySQL Server - end.
PHONE_REDACTEDT14:PORT:PORT.392043Z 0 [System] [MY-015015] [Server] MySQL Server - start.
PHONE_REDACTEDT14:PORT:PORT.627492Z 0 [Warning] [MY-011070] [Server] 'Disabling symbolic links using --skip-symbolic-links (or equivalent) is the default. Consider not using this option as it' is deprecated and will be removed in a future release.
PHONE_REDACTEDT14:PORT:PORT.636898Z 0 [System] [MY-010116] [Server] /db1/myserver/mysql/mysql_files/mysql/bin/mysqld (mysqld 8.4.0) starting as process 878
PHONE_REDACTEDT14:PORT:PORT.107071Z 1 [System] [MY-013576] [InnoDB] InnoDB initialization has started.
PHONE_REDACTEDT14:PORT:PORT.609559Z 1 [System] [MY-013577] [InnoDB] InnoDB initialization has ended.
PHONE_REDACTEDT14:PORT:PORT.735738Z 0 [Warning] [MY-010068] [Server] CA certificate ca.pem is self signed.
PHONE_REDACTEDT14:PORT:PORT.735886Z 0 [System] [MY-013602] [Server] Channel mysql_main configured to support TLS. Encrypted connections are now supported for this channel.
PHONE_REDACTEDT14:PORT:PORT.950146Z 0 [System] [MY-010931] [Server] /db1/myserver/mysql/mysql_files/mysql/bin/mysqld: ready for connections. Version: '8.4.0'  socket: '/db1/myserver/mysql/run/mysql.sock'  port: 3310  MySQL Community Server - GPL.
PHONE_REDACTEDT14:PORT:PORT.271800Z 8 [Warning] [MY-011302] [Server] Plugin mysqlx reported: 'Failed at SSL configuration: "SSL context is not usable without certificate and private key"'
PHONE_REDACTEDT14:PORT:PORT.272595Z 0 [System] [MY-011323] [Server] X Plugin ready for connections. Bind-address: '::' port: 33060, socket: /tmp/mysqlx.sock
PHONE_REDACTEDT15:PORT:PORT.676058Z 10 [Warning] [MY-010058] [Server] Hostname 'Harsh' does not resolve to 'xxx.xxx.xxx.xxx'.
